Flow report for Bottle
Thu Aug 29 17:20:48 2024
Quartus II Version 9.1 Build 222 10/21/2009 SJ Full Version


---------------------
; Table of Contents ;
---------------------
  1. Legal Notice
  2. Flow Summary
  3. Flow Settings
  4. Flow Non-Default Global Settings
  5. Flow Elapsed Time
  6. Flow OS Summary
  7. Flow Log



----------------
; Legal Notice ;
----------------
Copyright (C) 1991-2009 Altera Corporation
Your use of Altera Corporation's design tools, logic functions 
and other software and tools, and its AMPP partner logic 
functions, and any output files from any of the foregoing 
(including device programming or simulation files), and any 
associated documentation or information are expressly subject 
to the terms and conditions of the Altera Program License 
Subscription Agreement, Altera MegaCore Function License 
Agreement, or other applicable license agreement, including, 
without limitation, that your use is for the sole purpose of 
programming logic devices manufactured by Altera and sold by 
Altera or its authorized distributors.  Please refer to the 
applicable agreement for further details.



+--------------------------------------------------------------------+
; Flow Summary                                                       ;
+-------------------------+------------------------------------------+
; Flow Status             ; Successful - Thu Aug 29 17:20:48 2024    ;
; Quartus II Version      ; 9.1 Build 222 10/21/2009 SJ Full Version ;
; Revision Name           ; Bottle                                   ;
; Top-level Entity Name   ; Bottle                                   ;
; Family                  ; MAX7000S                                 ;
; Device                  ; EPM7128SLC84-15                          ;
; Timing Models           ; Final                                    ;
; Met timing requirements ; Yes                                      ;
; Total macrocells        ; 104 / 128 ( 81 % )                       ;
; Total pins              ; 48 / 68 ( 71 % )                         ;
+-------------------------+------------------------------------------+


+-----------------------------------------+
; Flow Settings                           ;
+-------------------+---------------------+
; Option            ; Setting             ;
+-------------------+---------------------+
; Start date & time ; 08/29/2024 17:20:43 ;
; Main task         ; Compilation         ;
; Revision Name     ; Bottle              ;
+-------------------+---------------------+


+---------------------------------------------------------------------------------------------------------------------+
; Flow Non-Default Global Settings                                                                                    ;
+------------------------------------+---------------------------------+---------------+-------------+----------------+
; Assignment Name                    ; Value                           ; Default Value ; Entity Name ; Section Id     ;
+------------------------------------+---------------------------------+---------------+-------------+----------------+
; COMPILER_SIGNATURE_ID              ; 96830616957537.172492324311652  ; --            ; --          ; --             ;
; FITTER_EFFORT                      ; Standard Fit                    ; Auto Fit      ; --          ; --             ;
; MAX7000_OPTIMIZATION_TECHNIQUE     ; Area                            ; Speed         ; --          ; --             ;
; MAX_CORE_JUNCTION_TEMP             ; 85                              ; --            ; --          ; --             ;
; MIN_CORE_JUNCTION_TEMP             ; 0                               ; --            ; --          ; --             ;
; MISC_FILE                          ; F:/Bottle/Bottle.dpf            ; --            ; --          ; --             ;
; MISC_FILE                          ; D:/04Document/Bottle/Bottle.dpf ; --            ; --          ; --             ;
; OPTIMIZE_HOLD_TIMING               ; Off                             ; --            ; --          ; --             ;
; SMART_RECOMPILE                    ; On                              ; Off           ; --          ; --             ;
; SYNTH_TIMING_DRIVEN_SYNTHESIS      ; Off                             ; --            ; --          ; --             ;
; USE_GENERATED_PHYSICAL_CONSTRAINTS ; Off                             ; --            ; --          ; eda_blast_fpga ;
; VERILOG_INPUT_VERSION              ; SystemVerilog_2005              ; Verilog_2001  ; --          ; --             ;
; VERILOG_SHOW_LMF_MAPPING_MESSAGES  ; Off                             ; --            ; --          ; --             ;
+------------------------------------+---------------------------------+---------------+-------------+----------------+


+-----------------------------------------------------------------------------------------------------------------------------+
; Flow Elapsed Time                                                                                                           ;
+-------------------------+--------------+-------------------------+---------------------+------------------------------------+
; Module Name             ; Elapsed Time ; Average Processors Used ; Peak Virtual Memory ; Total CPU Time (on all processors) ;
+-------------------------+--------------+-------------------------+---------------------+------------------------------------+
; Analysis & Synthesis    ; 00:00:03     ; 1.0                     ; 225 MB              ; 00:00:01                           ;
; Fitter                  ; 00:00:01     ; 1.0                     ; 211 MB              ; 00:00:00                           ;
; Assembler               ; 00:00:00     ; 1.0                     ; 199 MB              ; 00:00:00                           ;
; Classic Timing Analyzer ; 00:00:00     ; 1.0                     ; 170 MB              ; 00:00:00                           ;
; Total                   ; 00:00:04     ; --                      ; --                  ; 00:00:01                           ;
+-------------------------+--------------+-------------------------+---------------------+------------------------------------+


+------------------------------------------------------------------------------------------+
; Flow OS Summary                                                                          ;
+-------------------------+------------------+---------------+------------+----------------+
; Module Name             ; Machine Hostname ; OS Name       ; OS Version ; Processor type ;
+-------------------------+------------------+---------------+------------+----------------+
; Analysis & Synthesis    ; Kiko             ; Windows Vista ; 6.2        ; x86_64         ;
; Fitter                  ; Kiko             ; Windows Vista ; 6.2        ; x86_64         ;
; Assembler               ; Kiko             ; Windows Vista ; 6.2        ; x86_64         ;
; Classic Timing Analyzer ; Kiko             ; Windows Vista ; 6.2        ; x86_64         ;
+-------------------------+------------------+---------------+------------+----------------+


------------
; Flow Log ;
------------
quartus_map --read_settings_files=on --write_settings_files=off Bottle -c Bottle
quartus_fit --read_settings_files=off --write_settings_files=off Bottle -c Bottle
quartus_asm --read_settings_files=off --write_settings_files=off Bottle -c Bottle
quartus_tan --read_settings_files=off --write_settings_files=off Bottle -c Bottle



